2026-01-24 15:17:54 - INFO - Módulo: main - Los datos han sido cargados
2026-01-24 15:18:29 - ERROR - Módulo: main - El nombre del profesor y asignatura tienen que ser una cadena de letras
2026-01-24 15:18:56 - WARNING - Módulo: main - Profesor david ya existe su asignatura es:Mates
2026-01-24 15:19:09 - WARNING - Módulo: main - Persona no encontrada
2026-01-24 15:19:40 - ERROR - Módulo: main - El nombre del profesor y asignatura tienen que ser una cadena de letras
2026-01-24 15:19:58 - INFO - Módulo: main - Profesor carlos añadido correctamente
2026-01-25 12:20:39 - INFO - Módulo: main - Los datos han sido cargados
2026-01-25 12:26:46 - INFO - Módulo: main - La media de jero es 8.333333333333334
2026-01-25 12:26:57 - INFO - Módulo: main - Los datos han sido cargados
2026-01-25 12:27:09 - INFO - Módulo: main - La media de jero es 8.333333333333334
2026-01-25 12:29:23 - INFO - Módulo: main - Los datos han sido cargados
2026-01-25 12:29:38 - INFO - Módulo: main - La media de jero es 8.333333333333334
2026-01-25 12:29:38 - INFO - Módulo: main - La media de karim es 8.333333333333334
2026-01-25 12:32:27 - INFO - Módulo: main - Los datos han sido cargados
2026-01-25 12:35:53 - INFO - Módulo: main - Los datos han sido cargados
2026-01-25 12:39:24 - INFO - Módulo: main - Los datos han sido cargados
2026-01-25 12:40:39 - INFO - Módulo: main - Los datos han sido cargados
2026-01-25 12:42:19 - INFO - Módulo: main - Los datos han sido cargados
2026-01-25 12:45:19 - INFO - Módulo: main - Los datos han sido cargados
2026-01-25 12:46:11 - INFO - Módulo: main - Los datos han sido cargados
2026-01-25 12:48:04 - INFO - Módulo: main - Los datos han sido cargados
2026-02-02 13:38:07 - INFO - Módulo: test - Los datos han sido cargados
2026-02-02 13:41:58 - ERROR - Módulo: test - La opcion elegido tiene que estar entre 1 y 5
2026-02-02 13:42:07 - INFO - Módulo: test - Los datos han sido cargados
2026-02-02 13:42:29 - INFO - Módulo: test - Los datos han sido cargados
2026-02-02 13:43:59 - INFO - Módulo: test - Los datos han sido cargados
2026-02-02 13:44:51 - INFO - Módulo: test - Los datos han sido cargados
2026-02-02 13:47:03 - INFO - Módulo: test - Los datos han sido cargados
2026-02-02 13:58:53 - INFO - Módulo: test - Los datos han sido cargados
2026-02-02 13:59:45 - INFO - Módulo: test - Los datos han sido cargados
2026-02-02 13:59:59 - INFO - Módulo: test - Profesor jesus añadido correctamente
2026-02-02 14:03:24 - INFO - Módulo: test - Los datos han sido cargados
2026-02-02 14:05:07 - INFO - Módulo: test - Los datos han sido cargados
2026-02-02 14:05:26 - INFO - Módulo: test - Alumno carlos añadido correctamente
2026-02-02 14:09:36 - INFO - Módulo: test - Los datos han sido cargados
2026-02-02 14:10:56 - INFO - Módulo: test - Los datos han sido cargados
2026-02-02 14:11:07 - INFO - Módulo: test - Profesor karim eliminado
2026-02-02 14:15:55 - INFO - Módulo: test - Alumno karim eliminado
2026-02-02 14:16:16 - WARNING - Módulo: test - Persona no encontrada
2026-02-02 14:16:42 - INFO - Módulo: test - Profesor abdel eliminado
2026-02-02 14:17:27 - INFO - Módulo: test - Los datos han sido cargados
2026-02-02 14:18:40 - ERROR - Módulo: test - La opcion elegido tiene que estar entre 1 y 5
2026-02-02 14:30:53 - INFO - Módulo: test - Los datos han sido cargados
2026-02-02 14:31:19 - INFO - Módulo: test - Profesor abdel eliminado
2026-02-02 14:31:51 - INFO - Módulo: test - Alumno carlos eliminado
2026-02-02 14:41:58 - INFO - Módulo: test - Los datos han sido cargados
2026-02-02 14:44:08 - INFO - Módulo: test - Los datos han sido cargados
2026-02-02 14:44:30 - ERROR - Módulo: test - El alumno karim no existe
2026-02-02 14:55:46 - INFO - Módulo: test - Los datos han sido cargados
2026-02-02 14:56:24 - INFO - Módulo: test - Los datos han sido cargados
2026-02-02 14:59:02 - INFO - Módulo: test - Los datos han sido cargados
2026-02-02 14:59:12 - INFO - Módulo: test - Los datos han sido cargados
2026-02-02 14:59:23 - INFO - Módulo: test - Los datos han sido cargados
2026-02-02 15:06:41 - INFO - Módulo: test - Los datos han sido cargados
2026-02-02 15:07:07 - WARNING - Módulo: test - Persona no encontrada
2026-02-02 15:07:29 - INFO - Módulo: test - Alumno david añadido correctamente
2026-02-02 15:07:55 - INFO - Módulo: test - Los datos han sido cargados
2026-02-02 15:08:27 - INFO - Módulo: test - Has añadido una nota a todos los alumnos con exito
2026-02-02 15:08:44 - INFO - Módulo: test - Los datos han sido cargados
2026-02-02 15:09:15 - INFO - Módulo: test - Has añadido una nota a jero con exito
2026-02-02 15:09:35 - INFO - Módulo: test - Has añadido una nota a david con exito
2026-02-02 15:13:01 - INFO - Módulo: test - Los datos han sido cargados
2026-02-02 15:13:37 - INFO - Módulo: test - La nota de Alumno david se ha borrado con exito
2026-02-02 15:14:03 - INFO - Módulo: test - Has añadido una nota a david con exito
2026-02-02 15:16:05 - INFO - Módulo: test - Los datos han sido cargados
2026-02-02 15:16:16 - INFO - Módulo: test - Los datos han sido cargados
2026-02-02 15:40:46 - INFO - Módulo: test - Los datos han sido cargados
2026-02-02 15:51:06 - INFO - Módulo: test - Los datos han sido cargados
2026-02-02 15:53:04 - INFO - Módulo: test - Los datos han sido cargados
2026-02-02 15:53:16 - INFO - Módulo: test - Los datos han sido cargados
2026-02-02 15:54:33 - INFO - Módulo: test - Los datos han sido cargados
2026-02-02 15:57:00 - INFO - Módulo: test - Los datos han sido cargados
2026-02-02 15:58:11 - INFO - Módulo: main - Los datos han sido cargados
2026-02-02 15:58:42 - INFO - Módulo: main - Profesor juan añadido correctamente
2026-02-14 18:24:59 - INFO - Módulo: main - Los datos han sido cargados
2026-02-14 19:19:29 - INFO - Módulo: main - Los datos han sido cargados
2026-02-14 19:20:15 - INFO - Módulo: main - Profesor Pedro añadido correctamente
2026-02-14 19:20:38 - INFO - Módulo: main - Profesor carlos eliminado
2026-02-14 19:20:59 - INFO - Módulo: main - Los datos han sido cargados
2026-02-14 19:21:28 - INFO - Módulo: main - Alumno Alvaro añadido correctamente
2026-02-14 19:21:48 - WARNING - Módulo: main - El alumno Alvaro no tiene notas
2026-02-14 19:23:44 - INFO - Módulo: main - Los datos han sido cargados
2026-02-14 19:23:58 - INFO - Módulo: main - Los datos han sido cargados
2026-02-14 19:24:02 - ERROR - Módulo: main - La opcion elegido tiene que estar entre 1 y 3
2026-02-14 19:24:17 - INFO - Módulo: main - Los datos han sido cargados
2026-02-14 19:24:50 - INFO - Módulo: main - Los datos han sido cargados
2026-02-14 19:25:22 - INFO - Módulo: main - Has añadido una nota a Alvaro con exito
2026-02-14 19:26:00 - INFO - Módulo: main - Has añadido una nota a Alvaro con exito
2026-02-14 19:26:24 - INFO - Módulo: main - Has añadido una nota a todos los alumnos con exito
2026-02-14 19:28:35 - INFO - Módulo: main - Los datos han sido cargados
2026-02-14 19:28:52 - INFO - Módulo: main - Los datos han sido cargados
2026-02-15 10:27:57 - INFO - Módulo: main - Datos cargados correctamente
2026-02-15 10:30:14 - INFO - Módulo: main - Datos cargados correctamente
2026-02-15 10:31:03 - INFO - Módulo: main - Datos cargados correctamente
2026-02-15 10:31:33 - INFO - Módulo: main - Profesor Alberto añadido correctamente
2026-02-15 10:32:25 - INFO - Módulo: main - Profesor juan eliminado
2026-02-15 10:32:55 - INFO - Módulo: main - Alumno karim añadido correctamente
2026-02-15 10:33:10 - INFO - Módulo: main - Alumno karim eliminado
2026-02-15 10:34:12 - INFO - Módulo: main - Datos cargados correctamente
2026-02-15 10:34:27 - INFO - Módulo: main - Datos cargados correctamente
2026-02-15 10:35:04 - INFO - Módulo: main - Datos cargados correctamente
2026-02-15 10:36:43 - INFO - Módulo: main - Datos cargados correctamente
2026-02-15 10:37:02 - INFO - Módulo: main - Has añadido una nota a todos los alumnos con exito
2026-02-15 10:37:21 - INFO - Módulo: main - Datos cargados correctamente
2026-02-15 10:37:55 - INFO - Módulo: main - La nota 4.0 del alumno jero se ha borrado con éxito
2026-02-15 10:38:23 - INFO - Módulo: main - La nota 4.0 del alumno david se ha borrado con éxito
2026-02-15 10:38:40 - INFO - Módulo: main - La nota 5.0 del alumno Alvaro se ha borrado con éxito
2026-02-15 10:39:13 - INFO - Módulo: main - Datos cargados correctamente
2026-02-15 10:40:55 - INFO - Módulo: main - Datos cargados correctamente
2026-02-15 10:41:42 - INFO - Módulo: main - Datos cargados correctamente
2026-02-15 10:53:52 - INFO - Módulo: main - Datos cargados correctamente
2026-02-15 10:54:20 - INFO - Módulo: main - Datos cargados correctamente
2026-02-15 10:54:29 - INFO - Módulo: main - Datos cargados correctamente
2026-02-15 11:19:08 - INFO - Módulo: main - Datos cargados correctamente
2026-02-15 11:21:24 - INFO - Módulo: main - Datos cargados correctamente
2026-02-15 11:26:57 - INFO - Módulo: main - Datos cargados correctamente
2026-02-15 11:28:51 - INFO - Módulo: main - Datos cargados correctamente
2026-02-15 11:39:49 - INFO - Módulo: main - Datos cargados correctamente
2026-02-15 11:49:51 - INFO - Módulo: main - Datos cargados correctamente
2026-02-15 11:51:39 - INFO - Módulo: main - Datos cargados correctamente
2026-02-15 15:44:02 - INFO - Módulo: main - Datos cargados correctamente
2026-02-15 15:44:22 - INFO - Módulo: main - Alumno david añadido correctamente
2026-02-15 15:45:03 - INFO - Módulo: main - Alumno Alvaro añadido correctamente
2026-02-15 15:45:39 - INFO - Módulo: main - Datos cargados correctamente
2026-02-15 15:46:21 - INFO - Módulo: main - Has añadido una nota a todos los alumnos con exito
2026-02-15 15:46:38 - INFO - Módulo: main - Has añadido una nota a todos los alumnos con exito
2026-02-15 15:56:08 - INFO - Módulo: main - Datos cargados correctamente
2026-02-15 15:57:18 - INFO - Módulo: main - Datos cargados correctamente
2026-02-15 15:58:37 - INFO - Módulo: main - Datos cargados correctamente
2026-02-15 15:59:08 - INFO - Módulo: main - Profesor karim añadido correctamente
2026-02-15 15:59:25 - INFO - Módulo: main - Profesor karim eliminado
2026-02-15 15:59:44 - INFO - Módulo: main - Alumno karim añadido correctamente
2026-02-15 16:00:06 - WARNING - Módulo: main - Persona no encontrada
2026-02-15 16:00:36 - INFO - Módulo: main - Datos cargados correctamente
2026-02-15 16:00:52 - INFO - Módulo: main - Alumno karim eliminado
2026-02-15 16:01:31 - INFO - Módulo: main - Alumno karim añadido correctamente
2026-02-15 16:01:40 - INFO - Módulo: main - Alumno karim eliminado
2026-02-15 16:03:14 - INFO - Módulo: main - Alumno karim añadido correctamente
2026-02-15 16:04:22 - INFO - Módulo: main - Alumno karim eliminado
2026-02-15 16:04:47 - INFO - Módulo: main - Datos cargados correctamente
2026-02-15 16:05:02 - INFO - Módulo: main - Alumno karim añadido correctamente
2026-02-15 16:05:24 - INFO - Módulo: main - Alumno karim eliminado
2026-02-15 16:05:44 - INFO - Módulo: main - Alumno karim añadido correctamente
2026-02-15 16:06:01 - INFO - Módulo: main - Alumno karim eliminado
2026-02-15 16:06:35 - INFO - Módulo: main - Datos cargados correctamente
2026-02-15 16:06:45 - INFO - Módulo: main - Datos cargados correctamente
2026-02-15 16:07:23 - INFO - Módulo: main - Has añadido una nota a todos los alumnos con exito
2026-02-15 16:07:34 - INFO - Módulo: main - Datos cargados correctamente
2026-02-15 16:08:51 - INFO - Módulo: main - Datos cargados correctamente
